Source File: Inputs/input1.c
Generated at: Nov  3 2024, 01:23:35
══════════════════════════════════════════════════════════════════════════════════════════════════════════════════════════════════════════════════════════════════════════
══════════════════════════════════════════════════════════════════════════════════════════════════════════════════════════════════════════════════════════════════════════
THREE ADDRESS CODE (TAC):
══════════════════════════════════════════════════════════════════════════════════════════════════════════════════════════════════════════════════════════════════════════

[  0] │ gcd: 

[  1] │ gcd._WHILE_{0}: 
[  2] │    t0 = 0
[  3] │    if b != t0 goto 5
[  4] │    goto 10
[  5] │    temp = b
[  6] │    t1 = a % b
[  7] │    b = t1
[  8] │    a = temp
[  9] │    goto 2
[ 10] │    return a

[ 11] │ lcm: 
[ 12] │    t0 = a * b
[ 13] │    param a
[ 14] │    param b
[ 15] │    t1 = call gcd, 2
[ 16] │    t2 = t0 / t1
[ 17] │    return t2

[ 18] │ factorial: 
[ 19] │    t0 = 0
[ 20] │    if n < t0 goto 23
[ 21] │    goto 27
[ 22] │    goto 27
[ 23] │    t1 = 1
[ 24] │    t2 = -t1
[ 25] │    return t2
[ 26] │    goto 27
[ 27] │    t3 = 1
[ 28] │    if n == t3 goto 34
[ 29] │    goto 30
[ 30] │    t4 = 0
[ 31] │    if n == t4 goto 34
[ 32] │    goto 37
[ 33] │    goto 37
[ 34] │    t5 = 1
[ 35] │    return t5
[ 36] │    goto 37
[ 37] │    t6 = 1
[ 38] │    t7 = n - t6
[ 39] │    param t7
[ 40] │    t8 = call factorial, 1
[ 41] │    t9 = n * t8
[ 42] │    return t9

[ 43] │ main: 
[ 44] │    t0 = 10
[ 45] │    n1 = t0
[ 46] │    t1 = 20
[ 47] │    n2 = t1
[ 48] │    t2 = 2.5
[ 49] │    f1 = t2
[ 50] │    t3 = 5.0
[ 51] │    f3 = t3
[ 52] │    t4 = 36
[ 53] │    param t4
[ 54] │    t5 = 60
[ 55] │    param t5
[ 56] │    t6 = call gcd, 2
[ 57] │    n1 = t6
[ 58] │    t8 = 36
[ 59] │    param t8
[ 60] │    t9 = 60
[ 61] │    param t9
[ 62] │    t10 = 72
[ 63] │    param t10
[ 64] │    t11 = call lcm, 2
[ 65] │    param t11
[ 66] │    t12 = call lcm, 2
[ 67] │    n2 = t12
[ 68] │    param n1
[ 69] │    param n2
[ 70] │    t14 = call gcd, 2
[ 71] │    param t14
[ 72] │    t15 = call factorial, 1
[ 73] │    n3 = t15
[ 74] │    t17 = 5
[ 75] │    param t17
[ 76] │    t18 = 10
[ 77] │    param t18
[ 78] │    t19 = call lcm, 2
[ 79] │    param t19
[ 80] │    t20 = 10
[ 81] │    param t20
[ 82] │    t21 = 15
[ 83] │    param t21
[ 84] │    t22 = call gcd, 2
[ 85] │    param t22
[ 86] │    t23 = call gcd, 2
[ 87] │    param t23
[ 88] │    t24 = call factorial, 1
[ 89] │    n4 = t24
[ 90] │    t26 = 2
[ 91] │    t27 = n2 << t26
[ 92] │    t28 = t27 + n3
[ 93] │    t29 = t28 >> n1
[ 94] │    n1 = t29
[ 95] │    t31 = 2
[ 96] │    t32 = n1 >> t31
[ 97] │    n2 = t32
[ 98] │    t34 = n1 * n2
[ 99] │    t35 = Float2Int(f3)
[100] │    t36 = t34 / t35
[101] │    n3 = t36
[102] │    t38 = n2 ^ n3
[103] │    n1 = t38
[104] │    t40 = n1 & n2
[105] │    t41 = t40 | n3
[106] │    n2 = t41
[107] │    t43 = n2 | n3
[108] │    t44 = n1 & t43
[109] │    n3 = t44
[110] │    t46 = 0
[111] │    return t46

══════════════════════════════════════════════════════════════════════════════════════════════════════════════════════════════════════════════════════════════════════════
GENERATED SYMBOL TABLES:
══════════════════════════════════════════════════════════════════════════════════════════════════════════════════════════════════════════════════════════════════════════
NESTING OF SYMBOL TABLES: 
──────────────────────────────────────────────────────────────────────────────────────────────────────────────────────────────────────────────────────────────────────────
Global
 ├─ gcd
 │  └─ gcd._WHILE_{0}
 ├─ lcm
 ├─ factorial
 └─ main
══════════════════════════════════════════════════════════════════════════════════════════════════════════════════════════════════════════════════════════════════════════
 Symbol Table: Global                                                        | Parent Table: NULL                                              
──────────────────────────────────────────────────────────────────────────────────────────────────────────────────────────────────────────────────────────────────────────
 Name                                        │ Type                          │ Initial Value                 │ Size      │ Offset    │ Nested
──────────────────────────────────────────────────────────────────────────────────────────────────────────────────────────────────────────────────────────────────────────
 gcd                                         │ int                           │ -                             │ 4         │ 0         │ gcd
 lcm                                         │ int                           │ -                             │ 4         │ 4         │ lcm
 factorial                                   │ int                           │ -                             │ 4         │ 8         │ factorial
 main                                        │ int                           │ -                             │ 4         │ 12        │ main
──────────────────────────────────────────────────────────────────────────────────────────────────────────────────────────────────────────────────────────────────────────

══════════════════════════════════════════════════════════════════════════════════════════════════════════════════════════════════════════════════════════════════════════
 Symbol Table: gcd                                                           | Parent Table: Global                                            
──────────────────────────────────────────────────────────────────────────────────────────────────────────────────────────────────────────────────────────────────────────
 Name                                        │ Type                          │ Initial Value                 │ Size      │ Offset    │ Nested
──────────────────────────────────────────────────────────────────────────────────────────────────────────────────────────────────────────────────────────────────────────
 a                                           │ int                           │ -                             │ 4         │ 0         │ NULL
 b                                           │ int                           │ -                             │ 4         │ 4         │ NULL
 return                                      │ int                           │ -                             │ 4         │ 8         │ NULL
 gcd._WHILE_{0}                              │ block                         │ -                             │ 4         │ 12        │ gcd._WHILE_{0}
──────────────────────────────────────────────────────────────────────────────────────────────────────────────────────────────────────────────────────────────────────────

══════════════════════════════════════════════════════════════════════════════════════════════════════════════════════════════════════════════════════════════════════════
 Symbol Table: gcd._WHILE_{0}                                                | Parent Table: gcd                                               
──────────────────────────────────────────────────────────────────────────────────────────────────────────────────────────────────────────────────────────────────────────
 Name                                        │ Type                          │ Initial Value                 │ Size      │ Offset    │ Nested
──────────────────────────────────────────────────────────────────────────────────────────────────────────────────────────────────────────────────────────────────────────
 t0                                          │ int                           │ 0                             │ 4         │ 0         │ NULL
 temp                                        │ int                           │ -                             │ 4         │ 4         │ NULL
 t1                                          │ int                           │ -                             │ 4         │ 8         │ NULL
 t2                                          │ int                           │ -                             │ 4         │ 12        │ NULL
 t3                                          │ int                           │ -                             │ 4         │ 16        │ NULL
──────────────────────────────────────────────────────────────────────────────────────────────────────────────────────────────────────────────────────────────────────────

══════════════════════════════════════════════════════════════════════════════════════════════════════════════════════════════════════════════════════════════════════════
 Symbol Table: lcm                                                           | Parent Table: Global                                            
──────────────────────────────────────────────────────────────────────────────────────────────────────────────────────────────────────────────────────────────────────────
 Name                                        │ Type                          │ Initial Value                 │ Size      │ Offset    │ Nested
──────────────────────────────────────────────────────────────────────────────────────────────────────────────────────────────────────────────────────────────────────────
 a                                           │ int                           │ -                             │ 4         │ 0         │ NULL
 b                                           │ int                           │ -                             │ 4         │ 4         │ NULL
 return                                      │ int                           │ -                             │ 4         │ 8         │ NULL
 t0                                          │ int                           │ -                             │ 4         │ 12        │ NULL
 t1                                          │ int                           │ -                             │ 4         │ 16        │ NULL
 t2                                          │ int                           │ -                             │ 4         │ 20        │ NULL
──────────────────────────────────────────────────────────────────────────────────────────────────────────────────────────────────────────────────────────────────────────

══════════════════════════════════════════════════════════════════════════════════════════════════════════════════════════════════════════════════════════════════════════
 Symbol Table: factorial                                                     | Parent Table: Global                                            
──────────────────────────────────────────────────────────────────────────────────────────────────────────────────────────────────────────────────────────────────────────
 Name                                        │ Type                          │ Initial Value                 │ Size      │ Offset    │ Nested
──────────────────────────────────────────────────────────────────────────────────────────────────────────────────────────────────────────────────────────────────────────
 n                                           │ int                           │ -                             │ 4         │ 0         │ NULL
 return                                      │ int                           │ -                             │ 4         │ 4         │ NULL
 t0                                          │ int                           │ 0                             │ 4         │ 8         │ NULL
 t1                                          │ int                           │ 1                             │ 4         │ 12        │ NULL
 t2                                          │ int                           │ -                             │ 4         │ 16        │ NULL
 t3                                          │ int                           │ 1                             │ 4         │ 20        │ NULL
 t4                                          │ int                           │ 0                             │ 4         │ 24        │ NULL
 t5                                          │ int                           │ 1                             │ 4         │ 28        │ NULL
 t6                                          │ int                           │ 1                             │ 4         │ 32        │ NULL
 t7                                          │ int                           │ -                             │ 4         │ 36        │ NULL
 t8                                          │ int                           │ -                             │ 4         │ 40        │ NULL
 t9                                          │ int                           │ -                             │ 4         │ 44        │ NULL
──────────────────────────────────────────────────────────────────────────────────────────────────────────────────────────────────────────────────────────────────────────

══════════════════════════════════════════════════════════════════════════════════════════════════════════════════════════════════════════════════════════════════════════
 Symbol Table: main                                                          | Parent Table: Global                                            
──────────────────────────────────────────────────────────────────────────────────────────────────────────────────────────────────────────────────────────────────────────
 Name                                        │ Type                          │ Initial Value                 │ Size      │ Offset    │ Nested
──────────────────────────────────────────────────────────────────────────────────────────────────────────────────────────────────────────────────────────────────────────
 return                                      │ int                           │ -                             │ 4         │ 0         │ NULL
 n1                                          │ int                           │ 10                            │ 4         │ 4         │ NULL
 t0                                          │ int                           │ 10                            │ 4         │ 8         │ NULL
 n2                                          │ int                           │ 20                            │ 4         │ 12        │ NULL
 t1                                          │ int                           │ 20                            │ 4         │ 16        │ NULL
 n3                                          │ int                           │ -                             │ 4         │ 20        │ NULL
 n4                                          │ int                           │ -                             │ 4         │ 24        │ NULL
 f1                                          │ float                         │ 2.5                           │ 8         │ 28        │ NULL
 t2                                          │ float                         │ 2.5                           │ 8         │ 36        │ NULL
 f2                                          │ float                         │ -                             │ 8         │ 44        │ NULL
 f3                                          │ float                         │ 5.0                           │ 8         │ 52        │ NULL
 t3                                          │ float                         │ 5.0                           │ 8         │ 60        │ NULL
 t4                                          │ int                           │ 36                            │ 4         │ 68        │ NULL
 t5                                          │ int                           │ 60                            │ 4         │ 72        │ NULL
 t6                                          │ int                           │ -                             │ 4         │ 76        │ NULL
 t7                                          │ int                           │ -                             │ 4         │ 80        │ NULL
 t8                                          │ int                           │ 36                            │ 4         │ 84        │ NULL
 t9                                          │ int                           │ 60                            │ 4         │ 88        │ NULL
 t10                                         │ int                           │ 72                            │ 4         │ 92        │ NULL
 t11                                         │ int                           │ -                             │ 4         │ 96        │ NULL
 t12                                         │ int                           │ -                             │ 4         │ 100       │ NULL
 t13                                         │ int                           │ -                             │ 4         │ 104       │ NULL
 t14                                         │ int                           │ -                             │ 4         │ 108       │ NULL
 t15                                         │ int                           │ -                             │ 4         │ 112       │ NULL
 t16                                         │ int                           │ -                             │ 4         │ 116       │ NULL
 t17                                         │ int                           │ 5                             │ 4         │ 120       │ NULL
 t18                                         │ int                           │ 10                            │ 4         │ 124       │ NULL
 t19                                         │ int                           │ -                             │ 4         │ 128       │ NULL
 t20                                         │ int                           │ 10                            │ 4         │ 132       │ NULL
 t21                                         │ int                           │ 15                            │ 4         │ 136       │ NULL
 t22                                         │ int                           │ -                             │ 4         │ 140       │ NULL
 t23                                         │ int                           │ -                             │ 4         │ 144       │ NULL
 t24                                         │ int                           │ -                             │ 4         │ 148       │ NULL
 t25                                         │ int                           │ -                             │ 4         │ 152       │ NULL
 t26                                         │ int                           │ 2                             │ 4         │ 156       │ NULL
 t27                                         │ int                           │ -                             │ 4         │ 160       │ NULL
 t28                                         │ int                           │ -                             │ 4         │ 164       │ NULL
 t29                                         │ int                           │ -                             │ 4         │ 168       │ NULL
 t30                                         │ int                           │ -                             │ 4         │ 172       │ NULL
 t31                                         │ int                           │ 2                             │ 4         │ 176       │ NULL
 t32                                         │ int                           │ -                             │ 4         │ 180       │ NULL
 t33                                         │ int                           │ -                             │ 4         │ 184       │ NULL
 t34                                         │ int                           │ -                             │ 4         │ 188       │ NULL
 t35                                         │ int                           │ -                             │ 4         │ 192       │ NULL
 t36                                         │ int                           │ -                             │ 4         │ 196       │ NULL
 t37                                         │ int                           │ -                             │ 4         │ 200       │ NULL
 t38                                         │ int                           │ -                             │ 4         │ 204       │ NULL
 t39                                         │ int                           │ -                             │ 4         │ 208       │ NULL
 t40                                         │ int                           │ -                             │ 4         │ 212       │ NULL
 t41                                         │ int                           │ -                             │ 4         │ 216       │ NULL
 t42                                         │ int                           │ -                             │ 4         │ 220       │ NULL
 t43                                         │ int                           │ -                             │ 4         │ 224       │ NULL
 t44                                         │ int                           │ -                             │ 4         │ 228       │ NULL
 t45                                         │ int                           │ -                             │ 4         │ 232       │ NULL
 t46                                         │ int                           │ 0                             │ 4         │ 236       │ NULL
──────────────────────────────────────────────────────────────────────────────────────────────────────────────────────────────────────────────────────────────────────────

