------------------------------------------------------------------------------------------------------------------------
THREE ADDRESS CODE (TAC):
------------------------------------------------------------------------------------------------------------------------
0   :    t0 = 3.14159265
1   :    pi = t0
2   :    t1 = 5
3   :    t2 = 3
4   :    t3 = 3
5   :    t4 = 30
6   :    age = t4

7   : printMessage: 
8   :    t0 = 42
9   :    t1 = num + t0
10  :    t2 = int2float(t1)
11  :    val = t2
12  :    return 

13  : main: 
14  :    t0 = 10
15  :    apples = t0
16  :    t1 = 3
17  :    bananas = t1
18  :    t2 = 'M'
19  :    initial = t2
20  :    t3 = 'A'
21  :    grade = t3
22  :    t4 = apples + bananas
23  :    number1 = t4
24  :    t6 = apples - bananas
25  :    number2 = t6
26  :    t8 = apples * bananas
27  :    result1 = t8
28  :    t10 = apples / bananas
29  :    result2 = t10
30  :    t12 = apples % bananas
31  :    quotient = t12
32  :    t14 = apples & bananas
33  :    remainder = t14
34  :    t16 = 'B'
35  :    t17 = grade | t16
36  :    t18 = int2char(t17)
37  :    grade = t18
38  :    t19 = 2
39  :    t20 = number1 << t19
40  :    bananas = t20
41  :    t22 = 1
42  :    t23 = number2 >> t22
43  :    apples = t23
44  :    param apples
45  :    param pi
46  :    t25 = call printMessage, 2
47  :    t26 = 0
48  :    return t26

------------------------------------------------------------------------------------------------------------------------
Symbol Table: Global                                            Parent Table: NULL                                              
------------------------------------------------------------------------------------------------------------------------
Name                     Type                     Initial Value       Size           Offset         Nested
------------------------------------------------------------------------------------------------------------------------
pi                       float                    3.14159265          8              0              NULL
t0                       float                    3.14159265          8              8              NULL
grade                    char                     'A'                 1              16             NULL
number1                  int                      -                   4              17             NULL
number2                  int                      -                   4              21             NULL
result1                  int                      -                   4              25             NULL
result2                  int                      -                   4              29             NULL
quotient                 int                      -                   4              33             NULL
remainder                int                      -                   4              37             NULL
myArray                  arr(5, int)              -                   20             41             NULL
t1                       int                      5                   4              61             NULL
matrix                   arr(3, arr(3, float))    -                   72             65             NULL
t2                       int                      3                   4              137            NULL
t3                       int                      3                   4              141            NULL
age                      int                      30                  4              145            NULL
t4                       int                      30                  4              149            NULL
ptr                      ptr(int)                 -                   4              153            NULL
temperature              int                      -                   4              157            NULL
printMessage             void                     -                   0              161            printMessage
main                     int                      -                   4              161            main
------------------------------------------------------------------------------------------------------------------------

------------------------------------------------------------------------------------------------------------------------
Symbol Table: printMessage                                      Parent Table: Global                                            
------------------------------------------------------------------------------------------------------------------------
Name                     Type                     Initial Value       Size           Offset         Nested
------------------------------------------------------------------------------------------------------------------------
num                      int                      -                   4              0              NULL
val                      float                    -                   8              4              NULL
t0                       int                      42                  4              12             NULL
t1                       int                      -                   4              16             NULL
t2                       float                    -                   8              20             NULL
t3                       float                    -                   8              28             NULL
------------------------------------------------------------------------------------------------------------------------

------------------------------------------------------------------------------------------------------------------------
Symbol Table: main                                              Parent Table: Global                                            
------------------------------------------------------------------------------------------------------------------------
Name                     Type                     Initial Value       Size           Offset         Nested
------------------------------------------------------------------------------------------------------------------------
return                   int                      -                   4              0              NULL
apples                   int                      10                  4              4              NULL
t0                       int                      10                  4              8              NULL
bananas                  int                      3                   4              12             NULL
t1                       int                      3                   4              16             NULL
initial                  char                     'M'                 1              20             NULL
t2                       char                     'M'                 1              21             NULL
t3                       char                     'A'                 1              22             NULL
t4                       int                      -                   4              23             NULL
t5                       int                      -                   4              27             NULL
t6                       int                      -                   4              31             NULL
t7                       int                      -                   4              35             NULL
t8                       int                      -                   4              39             NULL
t9                       int                      -                   4              43             NULL
t10                      int                      -                   4              47             NULL
t11                      int                      -                   4              51             NULL
t12                      int                      -                   4              55             NULL
t13                      int                      -                   4              59             NULL
t14                      int                      -                   4              63             NULL
t15                      int                      -                   4              67             NULL
t16                      char                     'B'                 1              71             NULL
t17                      int                      -                   4              72             NULL
t18                      char                     -                   1              76             NULL
t19                      int                      2                   4              77             NULL
t20                      int                      -                   4              81             NULL
t21                      int                      -                   4              85             NULL
t22                      int                      1                   4              89             NULL
t23                      int                      -                   4              93             NULL
t24                      int                      -                   4              97             NULL
t25                      void                     -                   0              101            NULL
t26                      int                      0                   4              101            NULL
------------------------------------------------------------------------------------------------------------------------

