---------------------------------------------------------------------------------------------------------------------------------------
THREE ADDRESS CODE (TAC):
---------------------------------------------------------------------------------------------------------------------------------------

0   : findMax: 
1   :    if num1 > num2 goto 4
2   :    goto 7
3   :    goto 9

4   : findMax.$0: 
5   :    result = num1
6   :    goto 9

7   : findMax.$1: 
8   :    result = num2
9   :    t0 = 0
10  :    if result < t0 goto 13
11  :    goto 17
12  :    goto 17

13  : findMax.$2: 
14  :    t0 = -result
15  :    result = t0
16  :    goto 17
17  :    return result

18  : findMin: 
19  :    if num1 > num2 goto 22
20  :    goto 23
21  :    goto 27
22  :    goto 25
23  :    t0 = num1
24  :    goto 27
25  :    t0 = num2
26  :    goto 27
27  :    result = t0
28  :    return result

29  : displayMessage: 
30  :    return 

31  : compareNumbers: 
32  :    xIsGreater = t0
33  :    yIsGreater = t1
34  :    if x > y goto 37
35  :    goto 40
36  :    goto 46
37  :    param xIsGreater
38  :    t2 = call displayMessage, 1
39  :    goto 44
40  :    param yIsGreater
41  :    t3 = call displayMessage, 1
42  :    t4 = t3
43  :    goto 46
44  :    t4 = t2
45  :    goto 46
46  :    return 

47  : calculateSum: 
48  :    param numA
49  :    param numB
50  :    t0 = call findMin, 2
51  :    minValue = t0
52  :    param numA
53  :    param numB
54  :    t1 = call findMax, 2
55  :    maxValue = t1
56  :    t2 = 0
57  :    temp = t2
58  :    t3 = temp + minValue
59  :    sum = t3
60  :    return sum

61  : main: 
62  :    t0 = 7
63  :    firstNum = t0
64  :    t2 = 35
65  :    secondNum = t2
66  :    param firstNum
67  :    param secondNum
68  :    t4 = call calculateSum, 2
69  :    result = t4
70  :    t6 = 0
71  :    return t6

═══════════════════════════════════════════════════════════════════════════════════════════════════════════════════════════════════════
 Symbol Table: Global                                                | Parent Table: NULL                                              
───────────────────────────────────────────────────────────────────────────────────────────────────────────────────────────────────────
 Name                         │ Type           │ Initial Value       │ Size      │ Offset         │ Nested
───────────────────────────────────────────────────────────────────────────────────────────────────────────────────────────────────────
 findMax                      │ int            │ -                   │ 4         │ 0              │ findMax
 findMin                      │ int            │ -                   │ 4         │ 4              │ findMin
 displayMessage               │ void           │ -                   │ 0         │ 8              │ displayMessage
 compareNumbers               │ void           │ -                   │ 0         │ 8              │ compareNumbers
 calculateSum                 │ int            │ -                   │ 4         │ 8              │ calculateSum
 main                         │ int            │ -                   │ 4         │ 12             │ main
───────────────────────────────────────────────────────────────────────────────────────────────────────────────────────────────────────

═══════════════════════════════════════════════════════════════════════════════════════════════════════════════════════════════════════
 Symbol Table: findMax                                               | Parent Table: Global                                            
───────────────────────────────────────────────────────────────────────────────────────────────────────────────────────────────────────
 Name                         │ Type           │ Initial Value       │ Size      │ Offset         │ Nested
───────────────────────────────────────────────────────────────────────────────────────────────────────────────────────────────────────
 num1                         │ int            │ -                   │ 4         │ 0              │ NULL
 num2                         │ int            │ -                   │ 4         │ 4              │ NULL
 return                       │ int            │ -                   │ 4         │ 8              │ NULL
 result                       │ int            │ -                   │ 4         │ 12             │ NULL
 findMax.$0                   │ block          │ -                   │ 4         │ 16             │ findMax.$0
 findMax.$1                   │ block          │ -                   │ 4         │ 20             │ findMax.$1
 t0                           │ int            │ 0                   │ 4         │ 24             │ NULL
 findMax.$2                   │ block          │ -                   │ 4         │ 28             │ findMax.$2
───────────────────────────────────────────────────────────────────────────────────────────────────────────────────────────────────────

═══════════════════════════════════════════════════════════════════════════════════════════════════════════════════════════════════════
 Symbol Table: findMax.$0                                            | Parent Table: findMax                                           
───────────────────────────────────────────────────────────────────────────────────────────────────────────────────────────────────────
 Name                         │ Type           │ Initial Value       │ Size      │ Offset         │ Nested
───────────────────────────────────────────────────────────────────────────────────────────────────────────────────────────────────────
 t0                           │ int            │ -                   │ 4         │ 0              │ NULL
───────────────────────────────────────────────────────────────────────────────────────────────────────────────────────────────────────

═══════════════════════════════════════════════════════════════════════════════════════════════════════════════════════════════════════
 Symbol Table: findMax.$1                                            | Parent Table: findMax                                           
───────────────────────────────────────────────────────────────────────────────────────────────────────────────────────────────────────
 Name                         │ Type           │ Initial Value       │ Size      │ Offset         │ Nested
───────────────────────────────────────────────────────────────────────────────────────────────────────────────────────────────────────
 t0                           │ int            │ -                   │ 4         │ 0              │ NULL
───────────────────────────────────────────────────────────────────────────────────────────────────────────────────────────────────────

═══════════════════════════════════════════════════════════════════════════════════════════════════════════════════════════════════════
 Symbol Table: findMax.$2                                            | Parent Table: findMax                                           
───────────────────────────────────────────────────────────────────────────────────────────────────────────────────────────────────────
 Name                         │ Type           │ Initial Value       │ Size      │ Offset         │ Nested
───────────────────────────────────────────────────────────────────────────────────────────────────────────────────────────────────────
 t0                           │ int            │ -                   │ 4         │ 0              │ NULL
 t1                           │ int            │ -                   │ 4         │ 4              │ NULL
───────────────────────────────────────────────────────────────────────────────────────────────────────────────────────────────────────

═══════════════════════════════════════════════════════════════════════════════════════════════════════════════════════════════════════
 Symbol Table: findMin                                               | Parent Table: Global                                            
───────────────────────────────────────────────────────────────────────────────────────────────────────────────────────────────────────
 Name                         │ Type           │ Initial Value       │ Size      │ Offset         │ Nested
───────────────────────────────────────────────────────────────────────────────────────────────────────────────────────────────────────
 num1                         │ int            │ -                   │ 4         │ 0              │ NULL
 num2                         │ int            │ -                   │ 4         │ 4              │ NULL
 return                       │ int            │ -                   │ 4         │ 8              │ NULL
 result                       │ int            │ -                   │ 4         │ 12             │ NULL
 t0                           │ int            │ -                   │ 4         │ 16             │ NULL
 t1                           │ int            │ -                   │ 4         │ 20             │ NULL
───────────────────────────────────────────────────────────────────────────────────────────────────────────────────────────────────────

═══════════════════════════════════════════════════════════════════════════════════════════════════════════════════════════════════════
 Symbol Table: displayMessage                                        | Parent Table: Global                                            
───────────────────────────────────────────────────────────────────────────────────────────────────────────────────────────────────────
 Name                         │ Type           │ Initial Value       │ Size      │ Offset         │ Nested
───────────────────────────────────────────────────────────────────────────────────────────────────────────────────────────────────────
 message                      │ ptr(char)      │ -                   │ 4         │ 0              │ NULL
───────────────────────────────────────────────────────────────────────────────────────────────────────────────────────────────────────

═══════════════════════════════════════════════════════════════════════════════════════════════════════════════════════════════════════
 Symbol Table: compareNumbers                                        | Parent Table: Global                                            
───────────────────────────────────────────────────────────────────────────────────────────────────────────────────────────────────────
 Name                         │ Type           │ Initial Value       │ Size      │ Offset         │ Nested
───────────────────────────────────────────────────────────────────────────────────────────────────────────────────────────────────────
 x                            │ int            │ -                   │ 4         │ 0              │ NULL
 y                            │ int            │ -                   │ 4         │ 4              │ NULL
 xIsGreater                   │ arr(0, char)   │ "x is greater"      │ 0         │ 8              │ NULL
 t0                           │ ptr(char)      │ "x is greater"      │ 4         │ 8              │ NULL
 yIsGreater                   │ arr(0, char)   │ "y is greater"      │ 0         │ 12             │ NULL
 t1                           │ ptr(char)      │ "y is greater"      │ 4         │ 12             │ NULL
 t2                           │ void           │ -                   │ 0         │ 16             │ NULL
 t3                           │ void           │ -                   │ 0         │ 16             │ NULL
 t4                           │ void           │ -                   │ 0         │ 16             │ NULL
───────────────────────────────────────────────────────────────────────────────────────────────────────────────────────────────────────

═══════════════════════════════════════════════════════════════════════════════════════════════════════════════════════════════════════
 Symbol Table: calculateSum                                          | Parent Table: Global                                            
───────────────────────────────────────────────────────────────────────────────────────────────────────────────────────────────────────
 Name                         │ Type           │ Initial Value       │ Size      │ Offset         │ Nested
───────────────────────────────────────────────────────────────────────────────────────────────────────────────────────────────────────
 numA                         │ int            │ -                   │ 4         │ 0              │ NULL
 numB                         │ int            │ -                   │ 4         │ 4              │ NULL
 return                       │ int            │ -                   │ 4         │ 8              │ NULL
 minValue                     │ int            │ -                   │ 4         │ 12             │ NULL
 t0                           │ int            │ -                   │ 4         │ 16             │ NULL
 maxValue                     │ int            │ -                   │ 4         │ 20             │ NULL
 t1                           │ int            │ -                   │ 4         │ 24             │ NULL
 temp                         │ int            │ 0                   │ 4         │ 28             │ NULL
 t2                           │ int            │ 0                   │ 4         │ 32             │ NULL
 sum                          │ int            │ -                   │ 4         │ 36             │ NULL
 t3                           │ int            │ -                   │ 4         │ 40             │ NULL
───────────────────────────────────────────────────────────────────────────────────────────────────────────────────────────────────────

═══════════════════════════════════════════════════════════════════════════════════════════════════════════════════════════════════════
 Symbol Table: main                                                  | Parent Table: Global                                            
───────────────────────────────────────────────────────────────────────────────────────────────────────────────────────────────────────
 Name                         │ Type           │ Initial Value       │ Size      │ Offset         │ Nested
───────────────────────────────────────────────────────────────────────────────────────────────────────────────────────────────────────
 return                       │ int            │ -                   │ 4         │ 0              │ NULL
 firstNum                     │ int            │ -                   │ 4         │ 4              │ NULL
 secondNum                    │ int            │ -                   │ 4         │ 8              │ NULL
 result                       │ int            │ -                   │ 4         │ 12             │ NULL
 t0                           │ int            │ 7                   │ 4         │ 16             │ NULL
 t1                           │ int            │ -                   │ 4         │ 20             │ NULL
 t2                           │ int            │ 35                  │ 4         │ 24             │ NULL
 t3                           │ int            │ -                   │ 4         │ 28             │ NULL
 t4                           │ int            │ -                   │ 4         │ 32             │ NULL
 t5                           │ int            │ -                   │ 4         │ 36             │ NULL
 t6                           │ int            │ 0                   │ 4         │ 40             │ NULL
───────────────────────────────────────────────────────────────────────────────────────────────────────────────────────────────────────

