Source File: Inputs/input3.c
Generated at: Nov  3 2024, 01:23:35
══════════════════════════════════════════════════════════════════════════════════════════════════════════════════════════════════════════════════════════════════════════
══════════════════════════════════════════════════════════════════════════════════════════════════════════════════════════════════════════════════════════════════════════
THREE ADDRESS CODE (TAC):
══════════════════════════════════════════════════════════════════════════════════════════════════════════════════════════════════════════════════════════════════════════
[ 0] │    t0 = 3
[ 1] │    X = t0
[ 2] │    t1 = 4
[ 3] │    Y = t1
[ 4] │    t2 = 5
[ 5] │    Z = t2

[ 6] │ solve: 

[ 7] │ solve._FOR_{0}: 
[ 8] │    t0 = 0
[ 9] │    i = t0
[10] │    if i < X goto 14
[11] │    goto 
[12] │    i = i + 1
[13] │    goto 10

[14] │ solve._FOR_{0}._FOR_{1}: 
[15] │    t0 = 0
[16] │    j = t0
[17] │    if j < Y goto 21
[18] │    goto 12
[19] │    j = j + 1
[20] │    goto 17

[21] │ solve._FOR_{0}._FOR_{1}._FOR_{2}: 
[22] │    t0 = 0
[23] │    k = t0
[24] │    if k < Z goto 28
[25] │    goto 19
[26] │    k = k + 1
[27] │    goto 24
[28] │    t1 = 0
[29] │    if i == t1 goto 38
[30] │    goto 31
[31] │    t2 = 0
[32] │    if j == t2 goto 38
[33] │    goto 34
[34] │    t3 = 0
[35] │    if k == t3 goto 38
[36] │    goto 46
[37] │    goto 82
[38] │    t4 = i * 0
[39] │    t6 = j * 0
[40] │    t5 = t4 + t6
[41] │    t8 = k * 4
[42] │    t7 = t5 + t8
[43] │    t9 = 1
[44] │    dp[t7] = t9
[45] │    goto 26

[46] │ solve._FOR_{0}._FOR_{1}._FOR_{2}._FOR_{3}: 
[47] │    t0 = 1
[48] │    t1 = i - t0
[49] │    t2 = t1 * 0
[50] │    t4 = j * 0
[51] │    t3 = t2 + t4
[52] │    t6 = k * 4
[53] │    t5 = t3 + t6
[54] │    t7 = dp[t5]
[55] │    a = t7
[56] │    t9 = i * 0
[57] │    t10 = 1
[58] │    t11 = j - t10
[59] │    t13 = t11 * 0
[60] │    t12 = t9 + t13
[61] │    t15 = k * 4
[62] │    t14 = t12 + t15
[63] │    t16 = dp[t14]
[64] │    b = t16
[65] │    t18 = i * 0
[66] │    t20 = j * 0
[67] │    t19 = t18 + t20
[68] │    t21 = 1
[69] │    t22 = k - t21
[70] │    t24 = t22 * 4
[71] │    t23 = t19 + t24
[72] │    t25 = dp[t23]
[73] │    c = t25
[74] │    t27 = i * 0
[75] │    t29 = j * 0
[76] │    t28 = t27 + t29
[77] │    t31 = k * 4
[78] │    t30 = t28 + t31
[79] │    t32 = a + b
[80] │    t33 = t32 + c
[81] │    dp[t30] = t33
[82] │    goto 26
[83] │    goto 19
[84] │    goto 12

[85] │ main: 
[86] │    t0 = 0
[87] │    dp = Z
[88] │    param dp
[89] │    t1 = call solve, 1
[90] │    t2 = 0
[91] │    return t2

══════════════════════════════════════════════════════════════════════════════════════════════════════════════════════════════════════════════════════════════════════════
GENERATED SYMBOL TABLES:
══════════════════════════════════════════════════════════════════════════════════════════════════════════════════════════════════════════════════════════════════════════
NESTING OF SYMBOL TABLES: 
──────────────────────────────────────────────────────────────────────────────────────────────────────────────────────────────────────────────────────────────────────────
Global
 ├─ solve
 │  └─ solve._FOR_{0}
 │     └─ solve._FOR_{0}._FOR_{1}
 │        └─ solve._FOR_{0}._FOR_{1}._FOR_{2}
 │           └─ solve._FOR_{0}._FOR_{1}._FOR_{2}._FOR_{3}
 └─ main
══════════════════════════════════════════════════════════════════════════════════════════════════════════════════════════════════════════════════════════════════════════
 Symbol Table: Global                                                        | Parent Table: NULL                                              
──────────────────────────────────────────────────────────────────────────────────────────────────────────────────────────────────────────────────────────────────────────
 Name                                        │ Type                          │ Initial Value                 │ Size      │ Offset    │ Nested
──────────────────────────────────────────────────────────────────────────────────────────────────────────────────────────────────────────────────────────────────────────
 X                                           │ int                           │ 3                             │ 4         │ 0         │ NULL
 t0                                          │ int                           │ 3                             │ 4         │ 4         │ NULL
 Y                                           │ int                           │ 4                             │ 4         │ 8         │ NULL
 t1                                          │ int                           │ 4                             │ 4         │ 12        │ NULL
 Z                                           │ int                           │ 5                             │ 4         │ 16        │ NULL
 t2                                          │ int                           │ 5                             │ 4         │ 20        │ NULL
 solve                                       │ void                          │ -                             │ 0         │ 24        │ solve
 main                                        │ int                           │ -                             │ 4         │ 24        │ main
──────────────────────────────────────────────────────────────────────────────────────────────────────────────────────────────────────────────────────────────────────────

══════════════════════════════════════════════════════════════════════════════════════════════════════════════════════════════════════════════════════════════════════════
 Symbol Table: solve                                                         | Parent Table: Global                                            
──────────────────────────────────────────────────────────────────────────────────────────────────────────────────────────────────────────────────────────────────────────
 Name                                        │ Type                          │ Initial Value                 │ Size      │ Offset    │ Nested
──────────────────────────────────────────────────────────────────────────────────────────────────────────────────────────────────────────────────────────────────────────
 dp                                          │ arr(0, arr(0, arr(0, int)))   │ -                             │ 0         │ 0         │ NULL
 X                                           │ int                           │ -                             │ 4         │ 0         │ NULL
 Y                                           │ int                           │ -                             │ 4         │ 4         │ NULL
 Z                                           │ int                           │ -                             │ 4         │ 8         │ NULL
 solve._FOR_{0}                              │ block                         │ -                             │ 4         │ 12        │ solve._FOR_{0}
──────────────────────────────────────────────────────────────────────────────────────────────────────────────────────────────────────────────────────────────────────────

══════════════════════════════════════════════════════════════════════════════════════════════════════════════════════════════════════════════════════════════════════════
 Symbol Table: solve._FOR_{0}                                                | Parent Table: solve                                             
──────────────────────────────────────────────────────────────────────────────────────────────────────────────────────────────────────────────────────────────────────────
 Name                                        │ Type                          │ Initial Value                 │ Size      │ Offset    │ Nested
──────────────────────────────────────────────────────────────────────────────────────────────────────────────────────────────────────────────────────────────────────────
 i                                           │ int                           │ 0                             │ 4         │ 0         │ NULL
 t0                                          │ int                           │ 0                             │ 4         │ 4         │ NULL
 solve._FOR_{0}._FOR_{1}                     │ block                         │ -                             │ 4         │ 8         │ solve._FOR_{0}._FOR_{1}
──────────────────────────────────────────────────────────────────────────────────────────────────────────────────────────────────────────────────────────────────────────

══════════════════════════════════════════════════════════════════════════════════════════════════════════════════════════════════════════════════════════════════════════
 Symbol Table: solve._FOR_{0}._FOR_{1}                                       | Parent Table: solve._FOR_{0}                                    
──────────────────────────────────────────────────────────────────────────────────────────────────────────────────────────────────────────────────────────────────────────
 Name                                        │ Type                          │ Initial Value                 │ Size      │ Offset    │ Nested
──────────────────────────────────────────────────────────────────────────────────────────────────────────────────────────────────────────────────────────────────────────
 j                                           │ int                           │ 0                             │ 4         │ 0         │ NULL
 t0                                          │ int                           │ 0                             │ 4         │ 4         │ NULL
 solve._FOR_{0}._FOR_{1}._FOR_{2}            │ block                         │ -                             │ 4         │ 8         │ solve._FOR_{0}._FOR_{1}._FOR_{2}
──────────────────────────────────────────────────────────────────────────────────────────────────────────────────────────────────────────────────────────────────────────

══════════════════════════════════════════════════════════════════════════════════════════════════════════════════════════════════════════════════════════════════════════
 Symbol Table: solve._FOR_{0}._FOR_{1}._FOR_{2}                              | Parent Table: solve._FOR_{0}._FOR_{1}                           
──────────────────────────────────────────────────────────────────────────────────────────────────────────────────────────────────────────────────────────────────────────
 Name                                        │ Type                          │ Initial Value                 │ Size      │ Offset    │ Nested
──────────────────────────────────────────────────────────────────────────────────────────────────────────────────────────────────────────────────────────────────────────
 k                                           │ int                           │ 0                             │ 4         │ 0         │ NULL
 t0                                          │ int                           │ 0                             │ 4         │ 4         │ NULL
 t1                                          │ int                           │ 0                             │ 4         │ 8         │ NULL
 t2                                          │ int                           │ 0                             │ 4         │ 12        │ NULL
 t3                                          │ int                           │ 0                             │ 4         │ 16        │ NULL
 t4                                          │ int                           │ -                             │ 4         │ 20        │ NULL
 t5                                          │ int                           │ -                             │ 4         │ 24        │ NULL
 t6                                          │ int                           │ -                             │ 4         │ 28        │ NULL
 t7                                          │ int                           │ -                             │ 4         │ 32        │ NULL
 t8                                          │ int                           │ -                             │ 4         │ 36        │ NULL
 t9                                          │ int                           │ 1                             │ 4         │ 40        │ NULL
 t10                                         │ int                           │ -                             │ 4         │ 44        │ NULL
 solve._FOR_{0}._FOR_{1}._FOR_{2}._FOR_{3}   │ block                         │ -                             │ 4         │ 48        │ solve._FOR_{0}._FOR_{1}._FOR_{2}._FOR_{3}
──────────────────────────────────────────────────────────────────────────────────────────────────────────────────────────────────────────────────────────────────────────

══════════════════════════════════════════════════════════════════════════════════════════════════════════════════════════════════════════════════════════════════════════
 Symbol Table: solve._FOR_{0}._FOR_{1}._FOR_{2}._FOR_{3}                     | Parent Table: solve._FOR_{0}._FOR_{1}._FOR_{2}                  
──────────────────────────────────────────────────────────────────────────────────────────────────────────────────────────────────────────────────────────────────────────
 Name                                        │ Type                          │ Initial Value                 │ Size      │ Offset    │ Nested
──────────────────────────────────────────────────────────────────────────────────────────────────────────────────────────────────────────────────────────────────────────
 a                                           │ int                           │ -                             │ 4         │ 0         │ NULL
 b                                           │ int                           │ -                             │ 4         │ 4         │ NULL
 c                                           │ int                           │ -                             │ 4         │ 8         │ NULL
 t0                                          │ int                           │ 1                             │ 4         │ 12        │ NULL
 t1                                          │ int                           │ -                             │ 4         │ 16        │ NULL
 t2                                          │ int                           │ -                             │ 4         │ 20        │ NULL
 t3                                          │ int                           │ -                             │ 4         │ 24        │ NULL
 t4                                          │ int                           │ -                             │ 4         │ 28        │ NULL
 t5                                          │ int                           │ -                             │ 4         │ 32        │ NULL
 t6                                          │ int                           │ -                             │ 4         │ 36        │ NULL
 t7                                          │ int                           │ -                             │ 4         │ 40        │ NULL
 t8                                          │ int                           │ -                             │ 4         │ 44        │ NULL
 t9                                          │ int                           │ -                             │ 4         │ 48        │ NULL
 t10                                         │ int                           │ 1                             │ 4         │ 52        │ NULL
 t11                                         │ int                           │ -                             │ 4         │ 56        │ NULL
 t12                                         │ int                           │ -                             │ 4         │ 60        │ NULL
 t13                                         │ int                           │ -                             │ 4         │ 64        │ NULL
 t14                                         │ int                           │ -                             │ 4         │ 68        │ NULL
 t15                                         │ int                           │ -                             │ 4         │ 72        │ NULL
 t16                                         │ int                           │ -                             │ 4         │ 76        │ NULL
 t17                                         │ int                           │ -                             │ 4         │ 80        │ NULL
 t18                                         │ int                           │ -                             │ 4         │ 84        │ NULL
 t19                                         │ int                           │ -                             │ 4         │ 88        │ NULL
 t20                                         │ int                           │ -                             │ 4         │ 92        │ NULL
 t21                                         │ int                           │ 1                             │ 4         │ 96        │ NULL
 t22                                         │ int                           │ -                             │ 4         │ 100       │ NULL
 t23                                         │ int                           │ -                             │ 4         │ 104       │ NULL
 t24                                         │ int                           │ -                             │ 4         │ 108       │ NULL
 t25                                         │ int                           │ -                             │ 4         │ 112       │ NULL
 t26                                         │ int                           │ -                             │ 4         │ 116       │ NULL
 t27                                         │ int                           │ -                             │ 4         │ 120       │ NULL
 t28                                         │ int                           │ -                             │ 4         │ 124       │ NULL
 t29                                         │ int                           │ -                             │ 4         │ 128       │ NULL
 t30                                         │ int                           │ -                             │ 4         │ 132       │ NULL
 t31                                         │ int                           │ -                             │ 4         │ 136       │ NULL
 t32                                         │ int                           │ -                             │ 4         │ 140       │ NULL
 t33                                         │ int                           │ -                             │ 4         │ 144       │ NULL
 t34                                         │ int                           │ -                             │ 4         │ 148       │ NULL
──────────────────────────────────────────────────────────────────────────────────────────────────────────────────────────────────────────────────────────────────────────

══════════════════════════════════════════════════════════════════════════════════════════════════════════════════════════════════════════════════════════════════════════
 Symbol Table: main                                                          | Parent Table: Global                                            
──────────────────────────────────────────────────────────────────────────────────────────────────────────────────────────────────────────────────────────────────────────
 Name                                        │ Type                          │ Initial Value                 │ Size      │ Offset    │ Nested
──────────────────────────────────────────────────────────────────────────────────────────────────────────────────────────────────────────────────────────────────────────
 return                                      │ int                           │ -                             │ 4         │ 0         │ NULL
 dp                                          │ arr(3, arr(4, arr(5, int)))   │ 5                             │ 240       │ 4         │ NULL
 t0                                          │ int                           │ 0                             │ 4         │ 244       │ NULL
 t1                                          │ void                          │ -                             │ 0         │ 248       │ NULL
 t2                                          │ int                           │ 0                             │ 4         │ 248       │ NULL
──────────────────────────────────────────────────────────────────────────────────────────────────────────────────────────────────────────────────────────────────────────

