---------------------------------------------------------------------------------------------------------------------------------------
THREE ADDRESS CODE (TAC):
---------------------------------------------------------------------------------------------------------------------------------------

0   : customSwap: 
1   :    t0 = *a
2   :    temp = t0
3   :    t1 = *a
4   :    t2 = *b
5   :    *a = t2
6   :    t3 = *b
7   :    *b = temp
8   :    return 

9   : customSort: 
10  :    t0 = 0
11  :    i = t0
12  :    t2 = 0
13  :    j = t2

14  : customSort.FOR$0: 
15  :    t0 = 0
16  :    i = t0
17  :    t2 = 1
18  :    t3 = length - t2
19  :    if i < t3 goto 24
20  :    goto 53
21  :    t4 = i
22  :    i = i + 1
23  :    goto 17
24  :    minIndex = i

25  : customSort.FOR$0.FOR$1: 
26  :    t0 = 1
27  :    t1 = i + t0
28  :    j = t1
29  :    if j < length goto 34
30  :    goto 45
31  :    t3 = j
32  :    j = j + 1
33  :    goto 29
34  :    t4 = j * 4
35  :    t5 = data[t4]
36  :    t6 = minIndex * 4
37  :    t7 = data[t6]
38  :    if t5 < t7 goto 41
39  :    goto 31
40  :    goto 44

41  : customSort.FOR$0.FOR$1.FOR$2: 
42  :    minIndex = j
43  :    goto 31
44  :    goto 31
45  :    t6 = minIndex * 4
46  :    t7 = &data
47  :    param t7
48  :    t8 = i * 4
49  :    t9 = &data
50  :    param t9
51  :    t10 = call customSwap, 2
52  :    goto 21
53  :    return 

54  : main: 
55  :    t0 = 7
56  :    t1 = 0
57  :    t2 = t1 * 4
58  :    t3 = 1.6
59  :    t4 = float2int(t3)
60  :    numbers[t2] = t4
61  :    t6 = 1
62  :    t7 = t6 * 4
63  :    t8 = 4
64  :    t9 = -t8
65  :    numbers[t7] = t9
66  :    t11 = 2
67  :    t12 = t11 * 4
68  :    t13 = 7
69  :    numbers[t12] = t13
70  :    t15 = 3
71  :    t16 = t15 * 4
72  :    t17 = 8.9
73  :    t18 = float2int(t17)
74  :    numbers[t16] = t18
75  :    t20 = 4
76  :    t21 = t20 * 4
77  :    t22 = 342
78  :    t23 = -t22
79  :    numbers[t21] = t23
80  :    t25 = 5
81  :    t26 = t25 * 4
82  :    t27 = 0.6
83  :    t28 = float2int(t27)
84  :    numbers[t26] = t28
85  :    t30 = 6
86  :    t31 = t30 * 4
87  :    t32 = 100
88  :    numbers[t31] = t32
89  :    t34 = 7
90  :    length = t34
91  :    param numbers
92  :    param length
93  :    t35 = call customSort, 2
94  :    t36 = 0
95  :    return t36

═══════════════════════════════════════════════════════════════════════════════════════════════════════════════════════════════════════
 Symbol Table: Global                                                | Parent Table: NULL                                              
───────────────────────────────────────────────────────────────────────────────────────────────────────────────────────────────────────
 Name                         │ Type           │ Initial Value       │ Size      │ Offset         │ Nested
───────────────────────────────────────────────────────────────────────────────────────────────────────────────────────────────────────
 customSwap                   │ void           │ -                   │ 0         │ 0              │ customSwap
 customSort                   │ void           │ -                   │ 0         │ 0              │ customSort
 main                         │ int            │ -                   │ 4         │ 0              │ main
───────────────────────────────────────────────────────────────────────────────────────────────────────────────────────────────────────

═══════════════════════════════════════════════════════════════════════════════════════════════════════════════════════════════════════
 Symbol Table: customSwap                                            | Parent Table: Global                                            
───────────────────────────────────────────────────────────────────────────────────────────────────────────────────────────────────────
 Name                         │ Type           │ Initial Value       │ Size      │ Offset         │ Nested
───────────────────────────────────────────────────────────────────────────────────────────────────────────────────────────────────────
 a                            │ ptr(int)       │ -                   │ 4         │ 0              │ NULL
 b                            │ ptr(int)       │ -                   │ 4         │ 4              │ NULL
 temp                         │ int            │ -                   │ 4         │ 8              │ NULL
 t0                           │ int            │ -                   │ 4         │ 12             │ NULL
 t1                           │ int            │ -                   │ 4         │ 16             │ NULL
 t2                           │ int            │ -                   │ 4         │ 20             │ NULL
 t3                           │ int            │ -                   │ 4         │ 24             │ NULL
───────────────────────────────────────────────────────────────────────────────────────────────────────────────────────────────────────

═══════════════════════════════════════════════════════════════════════════════════════════════════════════════════════════════════════
 Symbol Table: customSort                                            | Parent Table: Global                                            
───────────────────────────────────────────────────────────────────────────────────────────────────────────────────────────────────────
 Name                         │ Type           │ Initial Value       │ Size      │ Offset         │ Nested
───────────────────────────────────────────────────────────────────────────────────────────────────────────────────────────────────────
 data                         │ ptr(int)       │ -                   │ 4         │ 0              │ NULL
 length                       │ int            │ -                   │ 4         │ 4              │ NULL
 i                            │ int            │ -                   │ 4         │ 8              │ NULL
 j                            │ int            │ -                   │ 4         │ 12             │ NULL
 minIndex                     │ int            │ -                   │ 4         │ 16             │ NULL
 t0                           │ int            │ 0                   │ 4         │ 20             │ NULL
 t1                           │ int            │ -                   │ 4         │ 24             │ NULL
 t2                           │ int            │ 0                   │ 4         │ 28             │ NULL
 t3                           │ int            │ -                   │ 4         │ 32             │ NULL
 customSort.FOR$0             │ block          │ -                   │ 4         │ 36             │ customSort.FOR$0
───────────────────────────────────────────────────────────────────────────────────────────────────────────────────────────────────────

═══════════════════════════════════════════════════════════════════════════════════════════════════════════════════════════════════════
 Symbol Table: customSort.FOR$0                                      | Parent Table: customSort                                        
───────────────────────────────────────────────────────────────────────────────────────────────────────────────────────────────────────
 Name                         │ Type           │ Initial Value       │ Size      │ Offset         │ Nested
───────────────────────────────────────────────────────────────────────────────────────────────────────────────────────────────────────
 t0                           │ int            │ 0                   │ 4         │ 0              │ NULL
 t1                           │ int            │ -                   │ 4         │ 4              │ NULL
 t2                           │ int            │ 1                   │ 4         │ 8              │ NULL
 t3                           │ int            │ -                   │ 4         │ 12             │ NULL
 t4                           │ int            │ -                   │ 4         │ 16             │ NULL
 t5                           │ int            │ -                   │ 4         │ 20             │ NULL
 customSort.FOR$0.FOR$1       │ block          │ -                   │ 4         │ 24             │ customSort.FOR$0.FOR$1
 t6                           │ int            │ -                   │ 4         │ 28             │ NULL
 t7                           │ ptr(ptr(int))  │ -                   │ 4         │ 32             │ NULL
 t8                           │ int            │ -                   │ 4         │ 36             │ NULL
 t9                           │ ptr(ptr(int))  │ -                   │ 4         │ 40             │ NULL
 t10                          │ void           │ -                   │ 0         │ 44             │ NULL
───────────────────────────────────────────────────────────────────────────────────────────────────────────────────────────────────────

═══════════════════════════════════════════════════════════════════════════════════════════════════════════════════════════════════════
 Symbol Table: customSort.FOR$0.FOR$1                                | Parent Table: customSort.FOR$0                                  
───────────────────────────────────────────────────────────────────────────────────────────────────────────────────────────────────────
 Name                         │ Type           │ Initial Value       │ Size      │ Offset         │ Nested
───────────────────────────────────────────────────────────────────────────────────────────────────────────────────────────────────────
 t0                           │ int            │ 1                   │ 4         │ 0              │ NULL
 t1                           │ int            │ -                   │ 4         │ 4              │ NULL
 t2                           │ int            │ -                   │ 4         │ 8              │ NULL
 t3                           │ int            │ -                   │ 4         │ 12             │ NULL
 t4                           │ int            │ -                   │ 4         │ 16             │ NULL
 t5                           │ int            │ -                   │ 4         │ 20             │ NULL
 t6                           │ int            │ -                   │ 4         │ 24             │ NULL
 t7                           │ int            │ -                   │ 4         │ 28             │ NULL
 customSort.FOR$0.FOR$1.FOR$2 │ block          │ -                   │ 4         │ 32             │ customSort.FOR$0.FOR$1.FOR$2
───────────────────────────────────────────────────────────────────────────────────────────────────────────────────────────────────────

═══════════════════════════════════════════════════════════════════════════════════════════════════════════════════════════════════════
 Symbol Table: customSort.FOR$0.FOR$1.FOR$2                          | Parent Table: customSort.FOR$0.FOR$1                            
───────────────────────────────────────────────────────────────────────────────────────────────────────────────────────────────────────
 Name                         │ Type           │ Initial Value       │ Size      │ Offset         │ Nested
───────────────────────────────────────────────────────────────────────────────────────────────────────────────────────────────────────
 t0                           │ int            │ -                   │ 4         │ 0              │ NULL
───────────────────────────────────────────────────────────────────────────────────────────────────────────────────────────────────────

═══════════════════════════════════════════════════════════════════════════════════════════════════════════════════════════════════════
 Symbol Table: main                                                  | Parent Table: Global                                            
───────────────────────────────────────────────────────────────────────────────────────────────────────────────────────────────────────
 Name                         │ Type           │ Initial Value       │ Size      │ Offset         │ Nested
───────────────────────────────────────────────────────────────────────────────────────────────────────────────────────────────────────
 return                       │ int            │ -                   │ 4         │ 0              │ NULL
 numbers                      │ arr(7, int)    │ -                   │ 28        │ 4              │ NULL
 t0                           │ int            │ 7                   │ 4         │ 32             │ NULL
 t1                           │ int            │ 0                   │ 4         │ 36             │ NULL
 t2                           │ int            │ -                   │ 4         │ 40             │ NULL
 t3                           │ float          │ 1.6                 │ 8         │ 44             │ NULL
 t4                           │ int            │ -                   │ 4         │ 52             │ NULL
 t5                           │ int            │ -                   │ 4         │ 56             │ NULL
 t6                           │ int            │ 1                   │ 4         │ 60             │ NULL
 t7                           │ int            │ -                   │ 4         │ 64             │ NULL
 t8                           │ int            │ 4                   │ 4         │ 68             │ NULL
 t9                           │ int            │ -                   │ 4         │ 72             │ NULL
 t10                          │ int            │ -                   │ 4         │ 76             │ NULL
 t11                          │ int            │ 2                   │ 4         │ 80             │ NULL
 t12                          │ int            │ -                   │ 4         │ 84             │ NULL
 t13                          │ int            │ 7                   │ 4         │ 88             │ NULL
 t14                          │ int            │ -                   │ 4         │ 92             │ NULL
 t15                          │ int            │ 3                   │ 4         │ 96             │ NULL
 t16                          │ int            │ -                   │ 4         │ 100            │ NULL
 t17                          │ float          │ 8.9                 │ 8         │ 104            │ NULL
 t18                          │ int            │ -                   │ 4         │ 112            │ NULL
 t19                          │ int            │ -                   │ 4         │ 116            │ NULL
 t20                          │ int            │ 4                   │ 4         │ 120            │ NULL
 t21                          │ int            │ -                   │ 4         │ 124            │ NULL
 t22                          │ int            │ 342                 │ 4         │ 128            │ NULL
 t23                          │ int            │ -                   │ 4         │ 132            │ NULL
 t24                          │ int            │ -                   │ 4         │ 136            │ NULL
 t25                          │ int            │ 5                   │ 4         │ 140            │ NULL
 t26                          │ int            │ -                   │ 4         │ 144            │ NULL
 t27                          │ float          │ 0.6                 │ 8         │ 148            │ NULL
 t28                          │ int            │ -                   │ 4         │ 156            │ NULL
 t29                          │ int            │ -                   │ 4         │ 160            │ NULL
 t30                          │ int            │ 6                   │ 4         │ 164            │ NULL
 t31                          │ int            │ -                   │ 4         │ 168            │ NULL
 t32                          │ int            │ 100                 │ 4         │ 172            │ NULL
 t33                          │ int            │ -                   │ 4         │ 176            │ NULL
 length                       │ int            │ 7                   │ 4         │ 180            │ NULL
 t34                          │ int            │ 7                   │ 4         │ 184            │ NULL
 t35                          │ void           │ -                   │ 0         │ 188            │ NULL
 t36                          │ int            │ 0                   │ 4         │ 188            │ NULL
───────────────────────────────────────────────────────────────────────────────────────────────────────────────────────────────────────

