Source File: Inputs/input2.c
Generated at: Nov  3 2024, 01:23:35
══════════════════════════════════════════════════════════════════════════════════════════════════════════════════════════════════════════════════════════════════════════
══════════════════════════════════════════════════════════════════════════════════════════════════════════════════════════════════════════════════════════════════════════
THREE ADDRESS CODE (TAC):
══════════════════════════════════════════════════════════════════════════════════════════════════════════════════════════════════════════════════════════════════════════
[  0] │    t0 = 1000000000
[  1] │    t1 = 7
[  2] │    t2 = t0 + t1
[  3] │    mod = t2
[  4] │    t3 = 998244353
[  5] │    mod2 = t3

[  6] │ binpow: 
[  7] │    t0 = 1
[  8] │    ans = t0

[  9] │ binpow._WHILE_{0}: 
[ 10] │    t0 = 0
[ 11] │    if b != t0 goto 13
[ 12] │    goto 30
[ 13] │    t1 = 1
[ 14] │    t2 = b & t1
[ 15] │    t3 = 0
[ 16] │    if t2 != t3 goto 19
[ 17] │    goto 23
[ 18] │    goto 23
[ 19] │    t4 = ans * a
[ 20] │    t5 = t4 % mod
[ 21] │    ans = t5
[ 22] │    goto 23
[ 23] │    t7 = a * a
[ 24] │    t8 = t7 % mod
[ 25] │    a = t8
[ 26] │    t10 = 1
[ 27] │    t11 = b >> t10
[ 28] │    b = t11
[ 29] │    goto 10
[ 30] │    return ans

[ 31] │ rec: 
[ 32] │    t0 = 0
[ 33] │    if exp == t0 goto 36
[ 34] │    goto 39
[ 35] │    goto 39
[ 36] │    t1 = 1
[ 37] │    return t1
[ 38] │    goto 39
[ 39] │    t2 = 2
[ 40] │    t3 = exp / t2
[ 41] │    param t3
[ 42] │    param base
[ 43] │    t4 = call rec, 2
[ 44] │    t = t4
[ 45] │    t5 = 2
[ 46] │    t6 = exp % t5
[ 47] │    t7 = 0
[ 48] │    if t6 == t7 goto 51
[ 49] │    goto 55
[ 50] │    goto 55
[ 51] │    t8 = t * t
[ 52] │    t9 = t8 % mod2
[ 53] │    return t9
[ 54] │    goto 55
[ 55] │    t10 = base * t
[ 56] │    t11 = t10 * t
[ 57] │    t12 = t11 % mod2
[ 58] │    return t12

[ 59] │ main: 
[ 60] │    t0 = 9
[ 61] │    a = t0
[ 62] │    t1 = 3
[ 63] │    b = t1
[ 64] │    param a
[ 65] │    param b
[ 66] │    t2 = call gcd, 2
[ 67] │    a = a + 1
[ 68] │    param a
[ 69] │    t3 = b
[ 70] │    b = b + 1
[ 71] │    param t3
[ 72] │    t4 = call binpow, 2
[ 73] │    t5 = a
[ 74] │    a = a - 1
[ 75] │    param t5
[ 76] │    b = b - 1
[ 77] │    param b
[ 78] │    t6 = call rec, 2
[ 79] │    c = t6
[ 80] │    t7 = 100
[ 81] │    t8 = 200

[ 82] │ main._WHILE_{0}: 
[ 83] │    t0 = a
[ 84] │    a = a - 1
[ 85] │    t1 = 2
[ 86] │    t2 = a % t1
[ 87] │    goto 92
[ 88] │    goto 94
[ 89] │    t3 = 2
[ 90] │    t4 = a / t3
[ 91] │    a = t4
[ 92] │    if 0 ==  goto 89
[ 93] │    goto 88
[ 94] │    param a
[ 95] │    param b
[ 96] │    t6 = call binpow, 2
[ 97] │    param t6
[ 98] │    param c
[ 99] │    t7 = call rec, 2
[100] │    c = t7

[101] │ main._WHILE_{0}._WHILE_{1}: 
[102] │    t0 = c
[103] │    c = c - 1
[104] │    t1 = 5
[105] │    t2 = -t1
[106] │    if t0 > t2 goto 108
[107] │    goto 111
[108] │    t3 = b
[109] │    b = b + 1
[110] │    goto 102
[111] │    t9 = a * 800
[112] │    t11 = b * 4
[113] │    t10 = t9 + t11
[114] │    arr[t10] = c
[115] │    if 0 ==  goto 118
[116] │    goto 85
[117] │    goto 83
[118] │    t9 = 0
[119] │    return t9

══════════════════════════════════════════════════════════════════════════════════════════════════════════════════════════════════════════════════════════════════════════
GENERATED SYMBOL TABLES:
══════════════════════════════════════════════════════════════════════════════════════════════════════════════════════════════════════════════════════════════════════════
NESTING OF SYMBOL TABLES: 
──────────────────────────────────────────────────────────────────────────────────────────────────────────────────────────────────────────────────────────────────────────
Global
 ├─ binpow
 │  └─ binpow._WHILE_{0}
 ├─ rec
 └─ main
    ├─ main._WHILE_{0}
    │  ├─ main._WHILE_{0}._WHILE_{1}
══════════════════════════════════════════════════════════════════════════════════════════════════════════════════════════════════════════════════════════════════════════
 Symbol Table: Global                                                        | Parent Table: NULL                                              
──────────────────────────────────────────────────────────────────────────────────────────────────────────────────────────────────────────────────────────────────────────
 Name                                        │ Type                          │ Initial Value                 │ Size      │ Offset    │ Nested
──────────────────────────────────────────────────────────────────────────────────────────────────────────────────────────────────────────────────────────────────────────
 mod                                         │ int                           │ -                             │ 4         │ 0         │ NULL
 t0                                          │ int                           │ 1000000000                    │ 4         │ 4         │ NULL
 t1                                          │ int                           │ 7                             │ 4         │ 8         │ NULL
 t2                                          │ int                           │ -                             │ 4         │ 12        │ NULL
 mod2                                        │ int                           │ 998244353                     │ 4         │ 16        │ NULL
 t3                                          │ int                           │ 998244353                     │ 4         │ 20        │ NULL
 binpow                                      │ int                           │ -                             │ 4         │ 24        │ binpow
 rec                                         │ int                           │ -                             │ 4         │ 28        │ rec
 main                                        │ int                           │ -                             │ 4         │ 32        │ main
──────────────────────────────────────────────────────────────────────────────────────────────────────────────────────────────────────────────────────────────────────────

══════════════════════════════════════════════════════════════════════════════════════════════════════════════════════════════════════════════════════════════════════════
 Symbol Table: binpow                                                        | Parent Table: Global                                            
──────────────────────────────────────────────────────────────────────────────────────────────────────────────────────────────────────────────────────────────────────────
 Name                                        │ Type                          │ Initial Value                 │ Size      │ Offset    │ Nested
──────────────────────────────────────────────────────────────────────────────────────────────────────────────────────────────────────────────────────────────────────────
 a                                           │ int                           │ -                             │ 4         │ 0         │ NULL
 b                                           │ int                           │ -                             │ 4         │ 4         │ NULL
 return                                      │ int                           │ -                             │ 4         │ 8         │ NULL
 ans                                         │ int                           │ 1                             │ 4         │ 12        │ NULL
 t0                                          │ int                           │ 1                             │ 4         │ 16        │ NULL
 binpow._WHILE_{0}                           │ block                         │ -                             │ 4         │ 20        │ binpow._WHILE_{0}
──────────────────────────────────────────────────────────────────────────────────────────────────────────────────────────────────────────────────────────────────────────

══════════════════════════════════════════════════════════════════════════════════════════════════════════════════════════════════════════════════════════════════════════
 Symbol Table: binpow._WHILE_{0}                                             | Parent Table: binpow                                            
──────────────────────────────────────────────────────────────────────────────────────────────────────────────────────────────────────────────────────────────────────────
 Name                                        │ Type                          │ Initial Value                 │ Size      │ Offset    │ Nested
──────────────────────────────────────────────────────────────────────────────────────────────────────────────────────────────────────────────────────────────────────────
 t0                                          │ int                           │ 0                             │ 4         │ 0         │ NULL
 t1                                          │ int                           │ 1                             │ 4         │ 4         │ NULL
 t2                                          │ int                           │ -                             │ 4         │ 8         │ NULL
 t3                                          │ int                           │ 0                             │ 4         │ 12        │ NULL
 t4                                          │ int                           │ -                             │ 4         │ 16        │ NULL
 t5                                          │ int                           │ -                             │ 4         │ 20        │ NULL
 t6                                          │ int                           │ -                             │ 4         │ 24        │ NULL
 t7                                          │ int                           │ -                             │ 4         │ 28        │ NULL
 t8                                          │ int                           │ -                             │ 4         │ 32        │ NULL
 t9                                          │ int                           │ -                             │ 4         │ 36        │ NULL
 t10                                         │ int                           │ 1                             │ 4         │ 40        │ NULL
 t11                                         │ int                           │ -                             │ 4         │ 44        │ NULL
 t12                                         │ int                           │ -                             │ 4         │ 48        │ NULL
──────────────────────────────────────────────────────────────────────────────────────────────────────────────────────────────────────────────────────────────────────────

══════════════════════════════════════════════════════════════════════════════════════════════════════════════════════════════════════════════════════════════════════════
 Symbol Table: rec                                                           | Parent Table: Global                                            
──────────────────────────────────────────────────────────────────────────────────────────────────────────────────────────────────────────────────────────────────────────
 Name                                        │ Type                          │ Initial Value                 │ Size      │ Offset    │ Nested
──────────────────────────────────────────────────────────────────────────────────────────────────────────────────────────────────────────────────────────────────────────
 exp                                         │ int                           │ -                             │ 4         │ 0         │ NULL
 base                                        │ int                           │ -                             │ 4         │ 4         │ NULL
 return                                      │ int                           │ -                             │ 4         │ 8         │ NULL
 t0                                          │ int                           │ 0                             │ 4         │ 12        │ NULL
 t1                                          │ int                           │ 1                             │ 4         │ 16        │ NULL
 t                                           │ int                           │ -                             │ 4         │ 20        │ NULL
 t2                                          │ int                           │ 2                             │ 4         │ 24        │ NULL
 t3                                          │ int                           │ -                             │ 4         │ 28        │ NULL
 t4                                          │ int                           │ -                             │ 4         │ 32        │ NULL
 t5                                          │ int                           │ 2                             │ 4         │ 36        │ NULL
 t6                                          │ int                           │ -                             │ 4         │ 40        │ NULL
 t7                                          │ int                           │ 0                             │ 4         │ 44        │ NULL
 t8                                          │ int                           │ -                             │ 4         │ 48        │ NULL
 t9                                          │ int                           │ -                             │ 4         │ 52        │ NULL
 t10                                         │ int                           │ -                             │ 4         │ 56        │ NULL
 t11                                         │ int                           │ -                             │ 4         │ 60        │ NULL
 t12                                         │ int                           │ -                             │ 4         │ 64        │ NULL
──────────────────────────────────────────────────────────────────────────────────────────────────────────────────────────────────────────────────────────────────────────

══════════════════════════════════════════════════════════════════════════════════════════════════════════════════════════════════════════════════════════════════════════
 Symbol Table: main                                                          | Parent Table: Global                                            
──────────────────────────────────────────────────────────────────────────────────────────────────────────────────────────────────────────────────────────────────────────
 Name                                        │ Type                          │ Initial Value                 │ Size      │ Offset    │ Nested
──────────────────────────────────────────────────────────────────────────────────────────────────────────────────────────────────────────────────────────────────────────
 return                                      │ int                           │ -                             │ 4         │ 0         │ NULL
 a                                           │ int                           │ 9                             │ 4         │ 4         │ NULL
 t0                                          │ int                           │ 9                             │ 4         │ 8         │ NULL
 b                                           │ int                           │ 3                             │ 4         │ 12        │ NULL
 t1                                          │ int                           │ 3                             │ 4         │ 16        │ NULL
 gcd                                         │ int                           │ -                             │ 4         │ 20        │ NULL
 t2                                          │ int                           │ -                             │ 4         │ 24        │ NULL
 t3                                          │ int                           │ -                             │ 4         │ 28        │ NULL
 t4                                          │ int                           │ -                             │ 4         │ 32        │ NULL
 c                                           │ int                           │ -                             │ 4         │ 36        │ NULL
 t5                                          │ int                           │ -                             │ 4         │ 40        │ NULL
 t6                                          │ int                           │ -                             │ 4         │ 44        │ NULL
 arr                                         │ arr(100, arr(200, int))       │ -                             │ 80000     │ 48        │ NULL
 t7                                          │ int                           │ 100                           │ 4         │ 80048     │ NULL
 t8                                          │ int                           │ 200                           │ 4         │ 80052     │ NULL
 main._WHILE_{0}                             │ block                         │ -                             │ 4         │ 80056     │ main._WHILE_{0}
 t9                                          │ int                           │ 0                             │ 4         │ 80060     │ NULL
──────────────────────────────────────────────────────────────────────────────────────────────────────────────────────────────────────────────────────────────────────────

══════════════════════════════════════════════════════════════════════════════════════════════════════════════════════════════════════════════════════════════════════════
 Symbol Table: main._WHILE_{0}                                               | Parent Table: main                                              
──────────────────────────────────────────────────────────────────────────────────────────────────────────────────────────────────────────────────────────────────────────
 Name                                        │ Type                          │ Initial Value                 │ Size      │ Offset    │ Nested
──────────────────────────────────────────────────────────────────────────────────────────────────────────────────────────────────────────────────────────────────────────
 t0                                          │ int                           │ -                             │ 4         │ 0         │ NULL
 t1                                          │ int                           │ 2                             │ 4         │ 4         │ NULL
 t2                                          │ int                           │ -                             │ 4         │ 8         │ NULL
 t3                                          │ int                           │ 2                             │ 4         │ 12        │ NULL
 t4                                          │ int                           │ -                             │ 4         │ 16        │ NULL
 t5                                          │ int                           │ -                             │ 4         │ 20        │ NULL
 t6                                          │ int                           │ -                             │ 4         │ 24        │ NULL
 t7                                          │ int                           │ -                             │ 4         │ 28        │ NULL
 t8                                          │ int                           │ -                             │ 4         │ 32        │ NULL
 main._WHILE_{0}._WHILE_{1}                  │ block                         │ -                             │ 4         │ 36        │ main._WHILE_{0}._WHILE_{1}
 t9                                          │ int                           │ -                             │ 4         │ 40        │ NULL
 t10                                         │ int                           │ -                             │ 4         │ 44        │ NULL
 t11                                         │ int                           │ -                             │ 4         │ 48        │ NULL
 t12                                         │ int                           │ -                             │ 4         │ 52        │ NULL
──────────────────────────────────────────────────────────────────────────────────────────────────────────────────────────────────────────────────────────────────────────

══════════════════════════════════════════════════════════════════════════════════════════════════════════════════════════════════════════════════════════════════════════
 Symbol Table: main._WHILE_{0}._WHILE_{1}                                    | Parent Table: main._WHILE_{0}                                   
──────────────────────────────────────────────────────────────────────────────────────────────────────────────────────────────────────────────────────────────────────────
 Name                                        │ Type                          │ Initial Value                 │ Size      │ Offset    │ Nested
──────────────────────────────────────────────────────────────────────────────────────────────────────────────────────────────────────────────────────────────────────────
 t0                                          │ int                           │ -                             │ 4         │ 0         │ NULL
 t1                                          │ int                           │ 5                             │ 4         │ 4         │ NULL
 t2                                          │ int                           │ -                             │ 4         │ 8         │ NULL
 t3                                          │ int                           │ -                             │ 4         │ 12        │ NULL
──────────────────────────────────────────────────────────────────────────────────────────────────────────────────────────────────────────────────────────────────────────

